TN:
SF:src/app.ts
FN:14,main
FNF:1
FNH:1
FNDA:1,main
DA:1,1
DA:2,1
DA:3,1
DA:4,1
DA:5,1
DA:6,1
DA:7,1
DA:8,1
DA:9,1
DA:10,1
DA:11,1
DA:12,1
DA:13,1
DA:14,1
DA:15,1
DA:16,1
DA:17,1
DA:18,1
DA:19,1
DA:20,1
LF:20
LH:20
BRDA:8,0,0,1
BRDA:8,1,0,1
BRDA:14,2,0,1
BRF:3
BRH:3
end_of_record
TN:
SF:src/config/plugins/yargs.plugins.ts
FNF:0
FNH:0
DA:1,1
DA:2,1
DA:3,1
DA:4,1
DA:5,1
DA:6,1
DA:7,1
DA:8,1
DA:9,1
DA:10,1
DA:11,1
DA:12,1
DA:13,1
DA:14,1
DA:15,1
DA:16,1
DA:17,1
DA:18,1
DA:19,1
DA:20,1
DA:21,1
DA:22,1
DA:23,1
DA:24,1
DA:25,1
DA:26,1
DA:27,1
DA:28,1
DA:29,1
DA:30,1
DA:31,1
DA:32,1
DA:33,1
DA:34,1
DA:35,1
DA:36,1
DA:37,3
DA:38,0
DA:39,0
DA:40,3
DA:41,0
DA:42,0
DA:43,3
DA:44,0
DA:45,0
DA:46,3
DA:47,3
DA:48,1
LF:48
LH:42
BRDA:36,0,0,3
BRDA:37,1,0,0
BRDA:40,2,0,0
BRDA:43,3,0,0
BRF:4
BRH:1
end_of_record
TN:
SF:src/domain/use-cases/create-table.use-case.ts
FN:22,CreateTable
FN:33,execute
FNF:2
FNH:2
FNDA:3,CreateTable
FNDA:2,execute
DA:1,1
DA:2,1
DA:3,1
DA:4,1
DA:5,1
DA:6,1
DA:7,1
DA:8,1
DA:9,1
DA:10,1
DA:11,1
DA:12,1
DA:13,1
DA:14,1
DA:15,1
DA:16,1
DA:17,1
DA:18,1
DA:19,1
DA:20,1
DA:21,1
DA:22,1
DA:23,3
DA:24,3
DA:25,3
DA:26,3
DA:27,3
DA:28,3
DA:29,3
DA:30,1
DA:31,1
DA:32,1
DA:33,1
DA:34,2
DA:35,2
DA:36,2
DA:37,2
DA:38,30
DA:39,30
DA:40,30
DA:41,28
DA:42,28
DA:43,30
DA:44,30
DA:45,30
DA:46,30
DA:47,2
DA:48,2
DA:49,2
DA:50,1
DA:51,1
DA:52,1
LF:52
LH:52
BRDA:22,0,0,3
BRDA:33,1,0,2
BRDA:37,2,0,30
BRDA:40,3,0,28
BRF:4
BRH:4
end_of_record
TN:
SF:src/domain/use-cases/save-file.use-case.ts
FN:19,SaveFile
FN:30,execute
FNF:2
FNH:2
FNDA:5,SaveFile
FNDA:4,execute
DA:1,1
DA:2,1
DA:3,1
DA:4,1
DA:5,1
DA:6,1
DA:7,1
DA:8,1
DA:9,1
DA:10,1
DA:11,1
DA:12,1
DA:13,1
DA:14,1
DA:15,1
DA:16,1
DA:17,1
DA:18,1
DA:19,1
DA:20,5
DA:21,5
DA:22,5
DA:23,5
DA:24,5
DA:25,5
DA:26,5
DA:27,1
DA:28,1
DA:29,1
DA:30,1
DA:31,4
DA:32,4
DA:33,4
DA:34,4
DA:35,4
DA:36,4
DA:37,4
DA:38,4
DA:39,4
DA:40,4
DA:41,4
DA:42,4
DA:43,2
DA:44,2
DA:45,2
DA:46,4
DA:47,4
DA:48,4
DA:49,1
DA:50,1
LF:50
LH:50
BRDA:19,0,0,5
BRDA:30,1,0,4
BRDA:42,2,0,2
BRF:3
BRH:3
end_of_record
TN:
SF:src/presentation/server-app.ts
FN:18,run
FNF:1
FNH:1
FNDA:1,run
DA:1,1
DA:2,1
DA:3,1
DA:4,1
DA:5,1
DA:6,1
DA:7,1
DA:8,1
DA:9,1
DA:10,1
DA:11,1
DA:12,1
DA:13,1
DA:14,1
DA:15,1
DA:16,1
DA:17,1
DA:18,1
DA:19,1
DA:20,1
DA:21,1
DA:22,1
DA:23,1
DA:24,1
DA:25,1
DA:26,1
DA:27,0
DA:28,1
DA:29,1
DA:30,1
DA:31,1
LF:31
LH:30
BRDA:18,0,0,1
BRDA:26,1,0,0
BRDA:29,2,0,0
BRF:3
BRH:1
end_of_record
